<?xml version="1.0" encoding="UTF-8"?>
<coverage generated="1737412160">
  <project timestamp="1737412160">
    <package name="MulerTech\Container">
      <file name="/var/www/html/src/Container.php">
        <class name="MulerTech\Container\Container" namespace="MulerTech\Container">
          <metrics complexity="11" methods="11" coveredmethods="11" conditionals="0" coveredconditionals="0" statements="14" coveredstatements="14" elements="25" coveredelements="25"/>
        </class>
        <line num="36" type="method" name="__construct" visibility="public" complexity="1" crap="1" count="35"/>
        <line num="38" type="stmt" count="35"/>
        <line num="39" type="stmt" count="35"/>
        <line num="40" type="stmt" count="35"/>
        <line num="51" type="method" name="get" visibility="public" complexity="1" crap="1" count="14"/>
        <line num="53" type="stmt" count="14"/>
        <line num="60" type="method" name="has" visibility="public" complexity="1" crap="1" count="3"/>
        <line num="62" type="stmt" count="3"/>
        <line num="71" type="method" name="add" visibility="public" complexity="1" crap="1" count="10"/>
        <line num="73" type="stmt" count="10"/>
        <line num="80" type="method" name="set" visibility="public" complexity="1" crap="1" count="2"/>
        <line num="82" type="stmt" count="2"/>
        <line num="94" type="method" name="getControllerFunc" visibility="public" complexity="1" crap="1" count="4"/>
        <line num="96" type="stmt" count="4"/>
        <line num="103" type="method" name="setParameter" visibility="public" complexity="1" crap="1" count="15"/>
        <line num="105" type="stmt" count="15"/>
        <line num="113" type="method" name="getParameter" visibility="public" complexity="1" crap="1" count="13"/>
        <line num="115" type="stmt" count="13"/>
        <line num="122" type="method" name="hasParameter" visibility="public" complexity="1" crap="1" count="2"/>
        <line num="124" type="stmt" count="2"/>
        <line num="132" type="method" name="replaceReferences" visibility="public" complexity="1" crap="1" count="4"/>
        <line num="134" type="stmt" count="4"/>
        <line num="135" type="stmt" count="4"/>
        <line num="142" type="method" name="getInstance" visibility="public" complexity="1" crap="1" count="1"/>
        <line num="144" type="stmt" count="1"/>
        <metrics loc="147" ncloc="76" classes="1" methods="11" coveredmethods="11" conditionals="0" coveredconditionals="0" statements="14" coveredstatements="14" elements="25" coveredelements="25"/>
      </file>
      <file name="/var/www/html/src/Definition.php">
        <class name="MulerTech\Container\Definition" namespace="MulerTech\Container">
          <metrics complexity="26" methods="8" coveredmethods="8" conditionals="0" coveredconditionals="0" statements="61" coveredstatements="61" elements="69" coveredelements="69"/>
        </class>
        <line num="53" type="method" name="__construct" visibility="public" complexity="1" crap="1" count="19"/>
        <line num="55" type="stmt" count="19"/>
        <line num="56" type="stmt" count="19"/>
        <line num="57" type="stmt" count="19"/>
        <line num="58" type="stmt" count="19"/>
        <line num="64" type="method" name="getId" visibility="public" complexity="1" crap="1" count="11"/>
        <line num="66" type="stmt" count="11"/>
        <line num="72" type="method" name="hasInstance" visibility="public" complexity="1" crap="1" count="18"/>
        <line num="74" type="stmt" count="18"/>
        <line num="85" type="method" name="getInstance" visibility="public" complexity="9" crap="9" count="18"/>
        <line num="87" type="stmt" count="18"/>
        <line num="88" type="stmt" count="1"/>
        <line num="91" type="stmt" count="17"/>
        <line num="92" type="stmt" count="1"/>
        <line num="95" type="stmt" count="16"/>
        <line num="97" type="stmt" count="16"/>
        <line num="98" type="stmt" count="7"/>
        <line num="99" type="stmt" count="2"/>
        <line num="100" type="stmt" count="2"/>
        <line num="101" type="stmt" count="2"/>
        <line num="104" type="stmt" count="5"/>
        <line num="107" type="stmt" count="16"/>
        <line num="108" type="stmt" count="8"/>
        <line num="111" type="stmt" count="12"/>
        <line num="112" type="stmt" count="9"/>
        <line num="118" type="method" name="setInstance" visibility="public" complexity="1" crap="1" count="2"/>
        <line num="120" type="stmt" count="2"/>
        <line num="132" type="method" name="getControllerFunction" visibility="public" complexity="2" crap="2" count="4"/>
        <line num="134" type="stmt" count="4"/>
        <line num="136" type="stmt" count="4"/>
        <line num="137" type="stmt" count="1"/>
        <line num="138" type="stmt" count="1"/>
        <line num="139" type="stmt" count="1"/>
        <line num="140" type="stmt" count="1"/>
        <line num="141" type="stmt" count="1"/>
        <line num="142" type="stmt" count="1"/>
        <line num="143" type="stmt" count="1"/>
        <line num="146" type="stmt" count="3"/>
        <line num="148" type="stmt" count="3"/>
        <line num="160" type="method" name="getInstanceArgs" visibility="private" complexity="8" crap="8" count="13"/>
        <line num="162" type="stmt" count="13"/>
        <line num="163" type="stmt" count="13"/>
        <line num="164" type="stmt" count="10"/>
        <line num="165" type="stmt" count="3"/>
        <line num="172" type="stmt" count="10"/>
        <line num="173" type="stmt" count="1"/>
        <line num="174" type="stmt" count="1"/>
        <line num="177" type="stmt" count="9"/>
        <line num="178" type="stmt" count="2"/>
        <line num="179" type="stmt" count="1"/>
        <line num="182" type="stmt" count="1"/>
        <line num="183" type="stmt" count="1"/>
        <line num="184" type="stmt" count="1"/>
        <line num="185" type="stmt" count="1"/>
        <line num="186" type="stmt" count="1"/>
        <line num="187" type="stmt" count="1"/>
        <line num="188" type="stmt" count="1"/>
        <line num="192" type="stmt" count="8"/>
        <line num="193" type="stmt" count="2"/>
        <line num="196" type="stmt" count="6"/>
        <line num="197" type="stmt" count="13"/>
        <line num="198" type="stmt" count="13"/>
        <line num="199" type="stmt" count="13"/>
        <line num="209" type="method" name="getArgumentClass" visibility="private" complexity="3" crap="3" count="9"/>
        <line num="211" type="stmt" count="9"/>
        <line num="213" type="stmt" count="9"/>
        <line num="214" type="stmt" count="2"/>
        <line num="218" type="stmt" count="8"/>
        <line num="219" type="stmt" count="8"/>
        <metrics loc="222" ncloc="147" classes="1" methods="8" coveredmethods="8" conditionals="0" coveredconditionals="0" statements="61" coveredstatements="61" elements="69" coveredelements="69"/>
      </file>
      <file name="/var/www/html/src/DefinitionCollector.php">
        <class name="MulerTech\Container\DefinitionCollector" namespace="MulerTech\Container">
          <metrics complexity="9" methods="6" coveredmethods="6" conditionals="0" coveredconditionals="0" statements="13" coveredstatements="13" elements="19" coveredelements="19"/>
        </class>
        <line num="24" type="method" name="__construct" visibility="public" complexity="2" crap="2" count="35"/>
        <line num="26" type="stmt" count="35"/>
        <line num="27" type="stmt" count="1"/>
        <line num="41" type="method" name="getDefinition" visibility="public" complexity="2" crap="2" count="14"/>
        <line num="43" type="stmt" count="14"/>
        <line num="44" type="stmt" count="9"/>
        <line num="47" type="stmt" count="14"/>
        <line num="55" type="method" name="setDefinition" visibility="public" complexity="1" crap="1" count="2"/>
        <line num="57" type="stmt" count="2"/>
        <line num="58" type="stmt" count="2"/>
        <line num="59" type="stmt" count="2"/>
        <line num="67" type="method" name="hasDefinition" visibility="public" complexity="1" crap="1" count="3"/>
        <line num="69" type="stmt" count="3"/>
        <line num="83" type="method" name="getControllerFunction" visibility="public" complexity="2" crap="2" count="4"/>
        <line num="85" type="stmt" count="4"/>
        <line num="86" type="stmt" count="4"/>
        <line num="89" type="stmt" count="4"/>
        <line num="95" type="method" name="addDefinition" visibility="public" complexity="1" crap="1" count="11"/>
        <line num="97" type="stmt" count="11"/>
        <metrics loc="101" ncloc="56" classes="1" methods="6" coveredmethods="6" conditionals="0" coveredconditionals="0" statements="13" coveredstatements="13" elements="19" coveredelements="19"/>
      </file>
      <file name="/var/www/html/src/Loader.php">
        <class name="MulerTech\Container\Loader" namespace="MulerTech\Container">
          <metrics complexity="11" methods="4" coveredmethods="4" conditionals="0" coveredconditionals="0" statements="22" coveredstatements="22" elements="26" coveredelements="26"/>
        </class>
        <line num="38" type="method" name="setLoader" visibility="public" complexity="2" crap="2" count="3"/>
        <line num="40" type="stmt" count="3"/>
        <line num="41" type="stmt" count="1"/>
        <line num="42" type="stmt" count="1"/>
        <line num="43" type="stmt" count="1"/>
        <line num="44" type="stmt" count="1"/>
        <line num="45" type="stmt" count="1"/>
        <line num="46" type="stmt" count="1"/>
        <line num="49" type="stmt" count="2"/>
        <line num="50" type="stmt" count="2"/>
        <line num="57" type="method" name="setFileList" visibility="public" complexity="1" crap="1" count="3"/>
        <line num="59" type="stmt" count="3"/>
        <line num="60" type="stmt" count="3"/>
        <line num="67" type="method" name="loadParameters" visibility="public" complexity="3" crap="3" count="2"/>
        <line num="69" type="stmt" count="2"/>
        <line num="70" type="stmt" count="2"/>
        <line num="71" type="stmt" count="2"/>
        <line num="73" type="stmt" count="2"/>
        <line num="88" type="method" name="extractParameters" visibility="private" complexity="5" crap="5" count="2"/>
        <line num="90" type="stmt" count="2"/>
        <line num="91" type="stmt" count="2"/>
        <line num="92" type="stmt" count="2"/>
        <line num="95" type="stmt" count="2"/>
        <line num="96" type="stmt" count="2"/>
        <line num="97" type="stmt" count="2"/>
        <line num="98" type="stmt" count="2"/>
        <metrics loc="103" ncloc="62" classes="1" methods="4" coveredmethods="4" conditionals="0" coveredconditionals="0" statements="22" coveredstatements="22" elements="26" coveredelements="26"/>
      </file>
      <file name="/var/www/html/src/NotFoundException.php">
        <class name="MulerTech\Container\NotFoundException" namespace="MulerTech\Container">
          <metrics complexity="0" methods="0" coveredmethods="0" conditionals="0" coveredconditionals="0" statements="0" coveredstatements="0" elements="0" coveredelements="0"/>
        </class>
        <metrics loc="16" ncloc="11" classes="0" methods="0" coveredmethods="0" conditionals="0" coveredconditionals="0" statements="0" coveredstatements="0" elements="0" coveredelements="0"/>
      </file>
      <file name="/var/www/html/src/ParameterCollector.php">
        <class name="MulerTech\Container\ParameterCollector" namespace="MulerTech\Container">
          <metrics complexity="20" methods="9" coveredmethods="9" conditionals="0" coveredconditionals="0" statements="42" coveredstatements="42" elements="51" coveredelements="51"/>
        </class>
        <line num="26" type="method" name="get" visibility="public" complexity="2" crap="2" count="14"/>
        <line num="28" type="stmt" count="14"/>
        <line num="29" type="stmt" count="1"/>
        <line num="30" type="stmt" count="1"/>
        <line num="31" type="stmt" count="1"/>
        <line num="34" type="stmt" count="13"/>
        <line num="41" type="method" name="set" visibility="public" complexity="1" crap="1" count="15"/>
        <line num="43" type="stmt" count="15"/>
        <line num="50" type="method" name="has" visibility="public" complexity="2" crap="2" count="16"/>
        <line num="52" type="stmt" count="16"/>
        <line num="53" type="stmt" count="15"/>
        <line num="56" type="stmt" count="2"/>
        <line num="64" type="method" name="generateParameter" visibility="private" complexity="1" crap="1" count="13"/>
        <line num="66" type="stmt" count="13"/>
        <line num="67" type="stmt" count="13"/>
        <line num="75" type="method" name="replaceReferences" visibility="public" complexity="3" crap="3" count="16"/>
        <line num="77" type="stmt" count="16"/>
        <line num="78" type="stmt" count="4"/>
        <line num="79" type="stmt" count="4"/>
        <line num="82" type="stmt" count="16"/>
        <line num="83" type="stmt" count="15"/>
        <line num="86" type="stmt" count="16"/>
        <line num="94" type="method" name="replaceParameterReferences" visibility="public" complexity="2" crap="2" count="15"/>
        <line num="96" type="stmt" count="15"/>
        <line num="98" type="stmt" count="15"/>
        <line num="99" type="stmt" count="15"/>
        <line num="100" type="stmt" count="15"/>
        <line num="101" type="stmt" count="15"/>
        <line num="102" type="stmt" count="15"/>
        <line num="103" type="stmt" count="7"/>
        <line num="106" type="stmt" count="13"/>
        <line num="115" type="method" name="putParameterReference" visibility="private" complexity="5" crap="5" count="7"/>
        <line num="117" type="stmt" count="7"/>
        <line num="118" type="stmt" count="7"/>
        <line num="120" type="stmt" count="7"/>
        <line num="121" type="stmt" count="1"/>
        <line num="124" type="stmt" count="6"/>
        <line num="126" type="stmt" count="6"/>
        <line num="127" type="stmt" count="5"/>
        <line num="128" type="stmt" count="5"/>
        <line num="131" type="stmt" count="1"/>
        <line num="134" type="stmt" count="6"/>
        <line num="141" type="method" name="replaceEnv" visibility="private" complexity="3" crap="3" count="15"/>
        <line num="143" type="stmt" count="15"/>
        <line num="144" type="stmt" count="3"/>
        <line num="146" type="stmt" count="3"/>
        <line num="147" type="stmt" count="1"/>
        <line num="150" type="stmt" count="2"/>
        <line num="153" type="stmt" count="12"/>
        <line num="160" type="method" name="getEnv" visibility="private" complexity="1" crap="1" count="3"/>
        <line num="162" type="stmt" count="3"/>
        <metrics loc="165" ncloc="115" classes="1" methods="9" coveredmethods="9" conditionals="0" coveredconditionals="0" statements="42" coveredstatements="42" elements="51" coveredelements="51"/>
      </file>
    </package>
    <file name="/var/www/html/src/Loader/LoaderInterface.php">
      <metrics loc="18" ncloc="9" classes="0" methods="0" coveredmethods="0" conditionals="0" coveredconditionals="0" statements="0" coveredstatements="0" elements="0" coveredelements="0"/>
    </file>
    <package name="MulerTech\Container\Loader">
      <file name="/var/www/html/src/Loader/LoaderNotFoundException.php">
        <class name="MulerTech\Container\Loader\LoaderNotFoundException" namespace="MulerTech\Container\Loader">
          <metrics complexity="0" methods="0" coveredmethods="0" conditionals="0" coveredconditionals="0" statements="0" coveredstatements="0" elements="0" coveredelements="0"/>
        </class>
        <metrics loc="15" ncloc="10" classes="0" methods="0" coveredmethods="0" conditionals="0" coveredconditionals="0" statements="0" coveredstatements="0" elements="0" coveredelements="0"/>
      </file>
      <file name="/var/www/html/src/Loader/YamlLoader.php">
        <class name="MulerTech\Container\Loader\YamlLoader" namespace="MulerTech\Container\Loader">
          <metrics complexity="3" methods="2" coveredmethods="2" conditionals="0" coveredconditionals="0" statements="7" coveredstatements="7" elements="9" coveredelements="9"/>
        </class>
        <line num="20" type="method" name="load" visibility="public" complexity="2" crap="2" count="2"/>
        <line num="22" type="stmt" count="2"/>
        <line num="24" type="stmt" count="2"/>
        <line num="25" type="stmt" count="2"/>
        <line num="26" type="stmt" count="2"/>
        <line num="28" type="stmt" count="2"/>
        <line num="30" type="stmt" count="2"/>
        <line num="37" type="method" name="loadFile" visibility="private" complexity="1" crap="1" count="2"/>
        <line num="39" type="stmt" count="2"/>
        <metrics loc="42" ncloc="29" classes="1" methods="2" coveredmethods="2" conditionals="0" coveredconditionals="0" statements="7" coveredstatements="7" elements="9" coveredelements="9"/>
      </file>
    </package>
    <metrics files="9" loc="829" ncloc="515" classes="6" methods="40" coveredmethods="40" conditionals="0" coveredconditionals="0" statements="159" coveredstatements="159" elements="199" coveredelements="199"/>
  </project>
</coverage>
