<?xml version="1.0" encoding="UTF-8"?>
<coverage generated="1737911343">
  <project timestamp="1737911343">
    <package name="MulerTech\Container">
      <file name="/home/runner/work/container/container/src/Container.php">
        <class name="MulerTech\Container\Container" namespace="MulerTech\Container">
          <metrics complexity="11" methods="11" coveredmethods="11" conditionals="0" coveredconditionals="0" statements="14" coveredstatements="14" elements="25" coveredelements="25"/>
        </class>
        <line num="36" type="method" name="__construct" visibility="public" complexity="1" crap="1" count="36"/>
        <line num="38" type="stmt" count="36"/>
        <line num="39" type="stmt" count="36"/>
        <line num="40" type="stmt" count="36"/>
        <line num="51" type="method" name="get" visibility="public" complexity="1" crap="1" count="14"/>
        <line num="53" type="stmt" count="14"/>
        <line num="60" type="method" name="has" visibility="public" complexity="1" crap="1" count="3"/>
        <line num="62" type="stmt" count="3"/>
        <line num="71" type="method" name="add" visibility="public" complexity="1" crap="1" count="10"/>
        <line num="73" type="stmt" count="10"/>
        <line num="80" type="method" name="set" visibility="public" complexity="1" crap="1" count="2"/>
        <line num="82" type="stmt" count="2"/>
        <line num="94" type="method" name="getControllerFunc" visibility="public" complexity="1" crap="1" count="4"/>
        <line num="96" type="stmt" count="4"/>
        <line num="103" type="method" name="setParameter" visibility="public" complexity="1" crap="1" count="16"/>
        <line num="105" type="stmt" count="16"/>
        <line num="113" type="method" name="getParameter" visibility="public" complexity="1" crap="1" count="14"/>
        <line num="115" type="stmt" count="14"/>
        <line num="122" type="method" name="hasParameter" visibility="public" complexity="1" crap="1" count="2"/>
        <line num="124" type="stmt" count="2"/>
        <line num="132" type="method" name="replaceReferences" visibility="public" complexity="1" crap="1" count="4"/>
        <line num="134" type="stmt" count="4"/>
        <line num="135" type="stmt" count="4"/>
        <line num="142" type="method" name="getInstance" visibility="public" complexity="1" crap="1" count="1"/>
        <line num="144" type="stmt" count="1"/>
        <metrics loc="147" ncloc="76" classes="1" methods="11" coveredmethods="11" conditionals="0" coveredconditionals="0" statements="14" coveredstatements="14" elements="25" coveredelements="25"/>
      </file>
      <file name="/home/runner/work/container/container/src/Definition.php">
        <class name="MulerTech\Container\Definition" namespace="MulerTech\Container">
          <metrics complexity="28" methods="10" coveredmethods="10" conditionals="0" coveredconditionals="0" statements="68" coveredstatements="68" elements="78" coveredelements="78"/>
        </class>
        <line num="33" type="method" name="__construct" visibility="public" complexity="1" crap="1" count="19"/>
        <line num="39" type="stmt" count="19"/>
        <line num="44" type="method" name="getId" visibility="public" complexity="1" crap="1" count="11"/>
        <line num="46" type="stmt" count="11"/>
        <line num="52" type="method" name="hasInstance" visibility="public" complexity="1" crap="1" count="18"/>
        <line num="54" type="stmt" count="18"/>
        <line num="65" type="method" name="getInstance" visibility="public" complexity="4" crap="4" count="18"/>
        <line num="67" type="stmt" count="18"/>
        <line num="68" type="stmt" count="1"/>
        <line num="71" type="stmt" count="17"/>
        <line num="72" type="stmt" count="16"/>
        <line num="74" type="stmt" count="16"/>
        <line num="75" type="stmt" count="8"/>
        <line num="78" type="stmt" count="12"/>
        <line num="79" type="stmt" count="9"/>
        <line num="85" type="method" name="setInstance" visibility="public" complexity="1" crap="1" count="2"/>
        <line num="87" type="stmt" count="2"/>
        <line num="99" type="method" name="getControllerFunction" visibility="public" complexity="2" crap="2" count="4"/>
        <line num="101" type="stmt" count="4"/>
        <line num="103" type="stmt" count="4"/>
        <line num="104" type="stmt" count="1"/>
        <line num="105" type="stmt" count="1"/>
        <line num="106" type="stmt" count="1"/>
        <line num="107" type="stmt" count="1"/>
        <line num="108" type="stmt" count="1"/>
        <line num="109" type="stmt" count="1"/>
        <line num="110" type="stmt" count="1"/>
        <line num="113" type="stmt" count="3"/>
        <line num="114" type="stmt" count="3"/>
        <line num="126" type="method" name="getInstanceArgs" visibility="private" complexity="1" crap="1" count="13"/>
        <line num="128" type="stmt" count="13"/>
        <line num="129" type="stmt" count="13"/>
        <line num="130" type="stmt" count="13"/>
        <line num="131" type="stmt" count="13"/>
        <line num="140" type="method" name="resolveArgument" visibility="private" complexity="8" crap="8" count="10"/>
        <line num="142" type="stmt" count="10"/>
        <line num="143" type="stmt" count="3"/>
        <line num="146" type="stmt" count="10"/>
        <line num="147" type="stmt" count="1"/>
        <line num="148" type="stmt" count="1"/>
        <line num="151" type="stmt" count="9"/>
        <line num="152" type="stmt" count="2"/>
        <line num="153" type="stmt" count="1"/>
        <line num="156" type="stmt" count="1"/>
        <line num="157" type="stmt" count="1"/>
        <line num="158" type="stmt" count="1"/>
        <line num="159" type="stmt" count="1"/>
        <line num="160" type="stmt" count="1"/>
        <line num="161" type="stmt" count="1"/>
        <line num="162" type="stmt" count="1"/>
        <line num="166" type="stmt" count="8"/>
        <line num="167" type="stmt" count="2"/>
        <line num="170" type="stmt" count="6"/>
        <line num="180" type="method" name="getArgumentClass" visibility="private" complexity="3" crap="3" count="9"/>
        <line num="182" type="stmt" count="9"/>
        <line num="184" type="stmt" count="9"/>
        <line num="185" type="stmt" count="2"/>
        <line num="189" type="stmt" count="8"/>
        <line num="190" type="stmt" count="8"/>
        <line num="198" type="method" name="getReflectionClass" visibility="private" complexity="6" crap="6" count="17"/>
        <line num="200" type="stmt" count="17"/>
        <line num="201" type="stmt" count="1"/>
        <line num="202" type="stmt" count="1"/>
        <line num="203" type="stmt" count="1"/>
        <line num="204" type="stmt" count="1"/>
        <line num="205" type="stmt" count="1"/>
        <line num="206" type="stmt" count="1"/>
        <line num="209" type="stmt" count="16"/>
        <line num="211" type="stmt" count="16"/>
        <line num="212" type="stmt" count="7"/>
        <line num="213" type="stmt" count="2"/>
        <line num="214" type="stmt" count="2"/>
        <line num="215" type="stmt" count="2"/>
        <line num="216" type="stmt" count="2"/>
        <line num="217" type="stmt" count="2"/>
        <line num="218" type="stmt" count="2"/>
        <line num="221" type="stmt" count="5"/>
        <line num="224" type="stmt" count="16"/>
        <metrics loc="227" ncloc="157" classes="1" methods="10" coveredmethods="10" conditionals="0" coveredconditionals="0" statements="68" coveredstatements="68" elements="78" coveredelements="78"/>
      </file>
      <file name="/home/runner/work/container/container/src/DefinitionCollector.php">
        <class name="MulerTech\Container\DefinitionCollector" namespace="MulerTech\Container">
          <metrics complexity="9" methods="7" coveredmethods="7" conditionals="0" coveredconditionals="0" statements="12" coveredstatements="12" elements="19" coveredelements="19"/>
        </class>
        <line num="24" type="method" name="__construct" visibility="public" complexity="2" crap="2" count="36"/>
        <line num="26" type="stmt" count="36"/>
        <line num="27" type="stmt" count="1"/>
        <line num="41" type="method" name="getDefinition" visibility="public" complexity="1" crap="1" count="14"/>
        <line num="43" type="stmt" count="14"/>
        <line num="51" type="method" name="setDefinition" visibility="public" complexity="1" crap="1" count="2"/>
        <line num="53" type="stmt" count="2"/>
        <line num="54" type="stmt" count="2"/>
        <line num="55" type="stmt" count="2"/>
        <line num="63" type="method" name="hasDefinition" visibility="public" complexity="1" crap="1" count="3"/>
        <line num="65" type="stmt" count="3"/>
        <line num="79" type="method" name="getControllerFunction" visibility="public" complexity="1" crap="1" count="4"/>
        <line num="81" type="stmt" count="4"/>
        <line num="87" type="method" name="addDefinition" visibility="public" complexity="1" crap="1" count="11"/>
        <line num="89" type="stmt" count="11"/>
        <line num="97" type="method" name="getOrCreateDefinition" visibility="private" complexity="2" crap="2" count="18"/>
        <line num="99" type="stmt" count="18"/>
        <line num="100" type="stmt" count="13"/>
        <line num="102" type="stmt" count="18"/>
        <metrics loc="105" ncloc="55" classes="1" methods="7" coveredmethods="7" conditionals="0" coveredconditionals="0" statements="12" coveredstatements="12" elements="19" coveredelements="19"/>
      </file>
      <file name="/home/runner/work/container/container/src/Loader.php">
        <class name="MulerTech\Container\Loader" namespace="MulerTech\Container">
          <metrics complexity="11" methods="4" coveredmethods="4" conditionals="0" coveredconditionals="0" statements="22" coveredstatements="22" elements="26" coveredelements="26"/>
        </class>
        <line num="38" type="method" name="setLoader" visibility="public" complexity="2" crap="2" count="3"/>
        <line num="40" type="stmt" count="3"/>
        <line num="41" type="stmt" count="1"/>
        <line num="42" type="stmt" count="1"/>
        <line num="43" type="stmt" count="1"/>
        <line num="44" type="stmt" count="1"/>
        <line num="45" type="stmt" count="1"/>
        <line num="46" type="stmt" count="1"/>
        <line num="49" type="stmt" count="2"/>
        <line num="50" type="stmt" count="2"/>
        <line num="57" type="method" name="setFileList" visibility="public" complexity="1" crap="1" count="3"/>
        <line num="59" type="stmt" count="3"/>
        <line num="60" type="stmt" count="3"/>
        <line num="67" type="method" name="loadParameters" visibility="public" complexity="3" crap="3" count="2"/>
        <line num="69" type="stmt" count="2"/>
        <line num="70" type="stmt" count="2"/>
        <line num="71" type="stmt" count="2"/>
        <line num="73" type="stmt" count="2"/>
        <line num="88" type="method" name="extractParameters" visibility="private" complexity="5" crap="5" count="2"/>
        <line num="90" type="stmt" count="2"/>
        <line num="91" type="stmt" count="2"/>
        <line num="92" type="stmt" count="2"/>
        <line num="95" type="stmt" count="2"/>
        <line num="96" type="stmt" count="2"/>
        <line num="97" type="stmt" count="2"/>
        <line num="98" type="stmt" count="2"/>
        <metrics loc="103" ncloc="62" classes="1" methods="4" coveredmethods="4" conditionals="0" coveredconditionals="0" statements="22" coveredstatements="22" elements="26" coveredelements="26"/>
      </file>
      <file name="/home/runner/work/container/container/src/NotFoundException.php">
        <class name="MulerTech\Container\NotFoundException" namespace="MulerTech\Container">
          <metrics complexity="0" methods="0" coveredmethods="0" conditionals="0" coveredconditionals="0" statements="0" coveredstatements="0" elements="0" coveredelements="0"/>
        </class>
        <metrics loc="16" ncloc="11" classes="0" methods="0" coveredmethods="0" conditionals="0" coveredconditionals="0" statements="0" coveredstatements="0" elements="0" coveredelements="0"/>
      </file>
      <file name="/home/runner/work/container/container/src/ParameterCollector.php">
        <class name="MulerTech\Container\ParameterCollector" namespace="MulerTech\Container">
          <metrics complexity="24" methods="10" coveredmethods="10" conditionals="0" coveredconditionals="0" statements="42" coveredstatements="42" elements="52" coveredelements="52"/>
        </class>
        <line num="27" type="method" name="get" visibility="public" complexity="2" crap="2" count="15"/>
        <line num="29" type="stmt" count="15"/>
        <line num="30" type="stmt" count="1"/>
        <line num="31" type="stmt" count="1"/>
        <line num="32" type="stmt" count="1"/>
        <line num="35" type="stmt" count="14"/>
        <line num="42" type="method" name="set" visibility="public" complexity="1" crap="1" count="16"/>
        <line num="44" type="stmt" count="16"/>
        <line num="51" type="method" name="has" visibility="public" complexity="2" crap="2" count="17"/>
        <line num="53" type="stmt" count="17"/>
        <line num="54" type="stmt" count="16"/>
        <line num="57" type="stmt" count="2"/>
        <line num="65" type="method" name="generateParameter" visibility="private" complexity="1" crap="1" count="14"/>
        <line num="67" type="stmt" count="14"/>
        <line num="68" type="stmt" count="14"/>
        <line num="76" type="method" name="replaceReferences" visibility="public" complexity="4" crap="4" count="17"/>
        <line num="78" type="stmt" count="17"/>
        <line num="79" type="stmt" count="4"/>
        <line num="80" type="stmt" count="4"/>
        <line num="83" type="stmt" count="17"/>
        <line num="84" type="stmt" count="16"/>
        <line num="87" type="stmt" count="17"/>
        <line num="88" type="stmt" count="15"/>
        <line num="91" type="stmt" count="17"/>
        <line num="99" type="method" name="replaceParameterReferences" visibility="public" complexity="2" crap="2" count="16"/>
        <line num="101" type="stmt" count="16"/>
        <line num="102" type="stmt" count="7"/>
        <line num="105" type="stmt" count="14"/>
        <line num="114" type="method" name="putParameterReference" visibility="private" complexity="5" crap="5" count="7"/>
        <line num="116" type="stmt" count="7"/>
        <line num="117" type="stmt" count="7"/>
        <line num="119" type="stmt" count="7"/>
        <line num="120" type="stmt" count="1"/>
        <line num="123" type="stmt" count="6"/>
        <line num="125" type="stmt" count="6"/>
        <line num="126" type="stmt" count="5"/>
        <line num="127" type="stmt" count="5"/>
        <line num="130" type="stmt" count="1"/>
        <line num="133" type="stmt" count="6"/>
        <line num="140" type="method" name="replaceEnvReferences" visibility="public" complexity="2" crap="2" count="15"/>
        <line num="142" type="stmt" count="15"/>
        <line num="143" type="stmt" count="4"/>
        <line num="146" type="stmt" count="11"/>
        <line num="154" type="method" name="putEnvReference" visibility="private" complexity="4" crap="4" count="4"/>
        <line num="156" type="stmt" count="4"/>
        <line num="157" type="stmt" count="4"/>
        <line num="159" type="stmt" count="4"/>
        <line num="160" type="stmt" count="1"/>
        <line num="163" type="stmt" count="3"/>
        <line num="166" type="stmt" count="4"/>
        <line num="173" type="method" name="getEnv" visibility="private" complexity="1" crap="1" count="4"/>
        <line num="175" type="stmt" count="4"/>
        <metrics loc="178" ncloc="121" classes="1" methods="10" coveredmethods="10" conditionals="0" coveredconditionals="0" statements="42" coveredstatements="42" elements="52" coveredelements="52"/>
      </file>
    </package>
    <file name="/home/runner/work/container/container/src/Loader/LoaderInterface.php">
      <metrics loc="18" ncloc="9" classes="0" methods="0" coveredmethods="0" conditionals="0" coveredconditionals="0" statements="0" coveredstatements="0" elements="0" coveredelements="0"/>
    </file>
    <package name="MulerTech\Container\Loader">
      <file name="/home/runner/work/container/container/src/Loader/LoaderNotFoundException.php">
        <class name="MulerTech\Container\Loader\LoaderNotFoundException" namespace="MulerTech\Container\Loader">
          <metrics complexity="0" methods="0" coveredmethods="0" conditionals="0" coveredconditionals="0" statements="0" coveredstatements="0" elements="0" coveredelements="0"/>
        </class>
        <metrics loc="15" ncloc="10" classes="0" methods="0" coveredmethods="0" conditionals="0" coveredconditionals="0" statements="0" coveredstatements="0" elements="0" coveredelements="0"/>
      </file>
      <file name="/home/runner/work/container/container/src/Loader/YamlLoader.php">
        <class name="MulerTech\Container\Loader\YamlLoader" namespace="MulerTech\Container\Loader">
          <metrics complexity="3" methods="2" coveredmethods="2" conditionals="0" coveredconditionals="0" statements="7" coveredstatements="7" elements="9" coveredelements="9"/>
        </class>
        <line num="20" type="method" name="load" visibility="public" complexity="2" crap="2" count="2"/>
        <line num="22" type="stmt" count="2"/>
        <line num="24" type="stmt" count="2"/>
        <line num="25" type="stmt" count="2"/>
        <line num="26" type="stmt" count="2"/>
        <line num="28" type="stmt" count="2"/>
        <line num="30" type="stmt" count="2"/>
        <line num="37" type="method" name="loadFile" visibility="private" complexity="1" crap="1" count="2"/>
        <line num="39" type="stmt" count="2"/>
        <metrics loc="42" ncloc="29" classes="1" methods="2" coveredmethods="2" conditionals="0" coveredconditionals="0" statements="7" coveredstatements="7" elements="9" coveredelements="9"/>
      </file>
    </package>
    <metrics files="9" loc="851" ncloc="530" classes="6" methods="44" coveredmethods="44" conditionals="0" coveredconditionals="0" statements="165" coveredstatements="165" elements="209" coveredelements="209"/>
  </project>
</coverage>
